[2026-04-28T11:37:29] [INFO] Starting QoE probe using config C:\Users\GOEDUARDO\Desktop\CX-Radar\config\probe-catalog.json
[2026-04-28T11:37:30] [ERROR] Target control/microsoft failed: No se puede convertir el argumento "collection", con el valor: "System.Object[]", para "AddRange", al tipo "System.Collections.Generic.IEnumerable`1[System.String]": "No se puede convertir el valor "System.Object[]" de tipo "System.Object[]" al tipo "System.Collections.Generic.IEnumerable`1[System.String]"."
[2026-04-28T11:37:30] [ERROR] Target youtube/homepage failed: No se puede convertir el argumento "collection", con el valor: "System.Object[]", para "AddRange", al tipo "System.Collections.Generic.IEnumerable`1[System.String]": "No se puede convertir el valor "System.Object[]" de tipo "System.Object[]" al tipo "System.Collections.Generic.IEnumerable`1[System.String]"."
[2026-04-28T11:37:30] [ERROR] Target netflix/homepage failed: No se puede convertir el argumento "collection", con el valor: "System.Object[]", para "AddRange", al tipo "System.Collections.Generic.IEnumerable`1[System.String]": "No se puede convertir el valor "System.Object[]" de tipo "System.Object[]" al tipo "System.Collections.Generic.IEnumerable`1[System.String]"."
[2026-04-28T11:37:30] [ERROR] Target disneyplus/homepage failed: No se puede convertir el argumento "collection", con el valor: "System.Object[]", para "AddRange", al tipo "System.Collections.Generic.IEnumerable`1[System.String]": "No se puede convertir el valor "System.Object[]" de tipo "System.Object[]" al tipo "System.Collections.Generic.IEnumerable`1[System.String]"."
[2026-04-28T11:37:30] [ERROR] Target amazon/homepage failed: No se puede convertir el argumento "collection", con el valor: "System.Object[]", para "AddRange", al tipo "System.Collections.Generic.IEnumerable`1[System.String]": "No se puede convertir el valor "System.Object[]" de tipo "System.Object[]" al tipo "System.Collections.Generic.IEnumerable`1[System.String]"."
[2026-04-28T11:37:30] [WARN] SkipInfluxWrite flag set. Metrics were not sent to InfluxDB.
[2026-04-28T11:37:30] [INFO] QoE probe finished. Success=0, Failure=5, Duration=317,39 ms
[2026-04-28T11:38:24] [INFO] Starting QoE probe using config C:\Users\GOEDUARDO\Desktop\CX-Radar\config\probe-catalog.json
[2026-04-28T11:38:24] [ERROR] Target control/microsoft failed: No se puede enlazar el argumento con el parámetro 'List' porque es una colección vacía.
[2026-04-28T11:38:24] [ERROR] Target youtube/homepage failed: No se puede enlazar el argumento con el parámetro 'List' porque es una colección vacía.
[2026-04-28T11:38:24] [ERROR] Target netflix/homepage failed: No se puede enlazar el argumento con el parámetro 'List' porque es una colección vacía.
[2026-04-28T11:38:24] [ERROR] Target disneyplus/homepage failed: No se puede enlazar el argumento con el parámetro 'List' porque es una colección vacía.
[2026-04-28T11:38:24] [ERROR] Target amazon/homepage failed: No se puede enlazar el argumento con el parámetro 'List' porque es una colección vacía.
[2026-04-28T11:38:24] [WARN] SkipInfluxWrite flag set. Metrics were not sent to InfluxDB.
[2026-04-28T11:38:24] [INFO] QoE probe finished. Success=0, Failure=5, Duration=138,37 ms
[2026-04-28T11:39:39] [INFO] Starting QoE probe using config C:\Users\GOEDUARDO\Desktop\CX-Radar\config\probe-catalog.json
[2026-04-28T11:39:40] [INFO] Target control/microsoft completed with HTTP 200, curl exit 0, total 398,9 ms
[2026-04-28T11:39:41] [INFO] Target youtube/homepage completed with HTTP 200, curl exit 0, total 901,86 ms
[2026-04-28T11:39:44] [INFO] Target netflix/homepage completed with HTTP 200, curl exit 0, total 3540,25 ms
[2026-04-28T11:39:46] [INFO] Target disneyplus/homepage completed with HTTP 200, curl exit 0, total 1278,46 ms
[2026-04-28T11:39:47] [INFO] Target amazon/homepage completed with HTTP 200, curl exit 0, total 743,02 ms
[2026-04-28T11:39:47] [WARN] SkipInfluxWrite flag set. Metrics were not sent to InfluxDB.
[2026-04-28T11:39:47] [INFO] QoE probe finished. Success=5, Failure=0, Duration=7540,4 ms
[2026-04-28T11:48:11] [INFO] Starting QoE probe using config C:\Users\GOEDUARDO\Desktop\CX-Radar\config\probe-catalog.json
[2026-04-28T11:48:11] [INFO] Target control/microsoft completed with HTTP 200, curl exit 0, total 350,9 ms
[2026-04-28T11:48:12] [INFO] Target youtube/homepage completed with HTTP 200, curl exit 0, total 465,22 ms
[2026-04-28T11:48:15] [INFO] Target netflix/homepage completed with HTTP 200, curl exit 0, total 3439,78 ms
[2026-04-28T11:48:16] [INFO] Target disneyplus/homepage completed with HTTP 200, curl exit 0, total 603,18 ms
[2026-04-28T11:48:16] [INFO] Target amazon/homepage completed with HTTP 200, curl exit 0, total 198,49 ms
[2026-04-28T11:48:16] [WARN] SkipInfluxWrite flag set. Metrics were not sent to InfluxDB.
[2026-04-28T11:48:16] [INFO] QoE probe finished. Success=5, Failure=0, Duration=5952,21 ms
[2026-04-28T11:58:28] [INFO] Starting QoE probe using config C:\Users\GOEDUARDO\Desktop\CX-Radar\config\probe-catalog.json
[2026-04-28T11:58:29] [INFO] Applying start jitter of 8 second(s) to reduce fixed-schedule burst patterns.
[2026-04-28T11:58:37] [INFO] Target control/microsoft completed with HTTP 200, curl exit 0, total 443,44 ms
[2026-04-28T11:58:39] [INFO] Target youtube/homepage completed with HTTP 200, curl exit 0, total 534,5 ms
[2026-04-28T11:58:42] [INFO] Target netflix/homepage completed with HTTP 200, curl exit 0, total 1847,31 ms
[2026-04-28T11:58:44] [INFO] Target disneyplus/homepage completed with HTTP 200, curl exit 0, total 1044,34 ms
[2026-04-28T11:58:45] [INFO] Target amazon/homepage completed with HTTP 200, curl exit 0, total 218,04 ms
[2026-04-28T11:58:45] [WARN] SkipInfluxWrite flag set. Metrics were not sent to InfluxDB.
[2026-04-28T11:58:45] [INFO] QoE probe finished. Success=5, Failure=0, Duration=16525,32 ms
[2026-04-28T12:19:03] [INFO] Starting QoE probe using config C:\Users\GOEDUARDO\Desktop\CX-Radar\config\probe-catalog.json
[2026-04-28T12:19:03] [INFO] Applying start jitter of 4 second(s) to reduce fixed-schedule burst patterns.
[2026-04-28T12:19:07] [INFO] Target control/microsoft completed with HTTP 200, curl exit 0, total 401,26 ms
[2026-04-28T12:19:09] [INFO] Target youtube/homepage completed with HTTP 200, curl exit 0, total 658,01 ms
[2026-04-28T12:19:12] [INFO] Target netflix/homepage completed with HTTP 200, curl exit 0, total 1971,23 ms
[2026-04-28T12:19:13] [INFO] Target disneyplus/homepage completed with HTTP 200, curl exit 0, total 571,25 ms
[2026-04-28T12:19:14] [INFO] Target amazon/homepage completed with HTTP 200, curl exit 0, total 195,96 ms
[2026-04-28T12:19:14] [WARN] SkipInfluxWrite flag set. Metrics were not sent to InfluxDB.
[2026-04-28T12:19:14] [INFO] QoE probe finished. Success=5, Failure=0, Duration=11656,49 ms
[2026-04-28T12:19:50] [INFO] Starting QoE probe using config C:\Users\GOEDUARDO\Desktop\CX-Radar\config\probe-catalog.json
[2026-04-28T12:19:50] [INFO] Applying start jitter of 6 second(s) to reduce fixed-schedule burst patterns.
[2026-04-28T12:19:57] [INFO] Target control/microsoft completed with HTTP 200, curl exit 0, total 336,93 ms
[2026-04-28T12:19:58] [INFO] Target youtube/homepage completed with HTTP 200, curl exit 0, total 548,91 ms
[2026-04-28T12:20:00] [INFO] Target netflix/homepage completed with HTTP 200, curl exit 0, total 1438,75 ms
[2026-04-28T12:20:02] [INFO] Target disneyplus/homepage completed with HTTP 200, curl exit 0, total 626,02 ms
[2026-04-28T12:20:03] [INFO] Target amazon/homepage completed with HTTP 200, curl exit 0, total 181,15 ms
[2026-04-28T12:20:03] [WARN] SkipInfluxWrite flag set. Metrics were not sent to InfluxDB.
[2026-04-28T12:20:03] [INFO] QoE probe finished. Success=5, Failure=0, Duration=12892,19 ms
[2026-04-28T12:20:52] [INFO] Starting QoE probe using config C:\Users\GOEDUARDO\Desktop\CX-Radar\config\probe-catalog.json
[2026-04-28T12:20:52] [INFO] Applying start jitter of 15 second(s) to reduce fixed-schedule burst patterns.
[2026-04-28T12:21:07] [INFO] Target control/microsoft completed with HTTP 200, curl exit 0, total 353,87 ms
[2026-04-28T12:21:09] [INFO] Target youtube/homepage completed with HTTP 200, curl exit 0, total 544,6 ms
[2026-04-28T12:21:11] [INFO] Target netflix/homepage completed with HTTP 200, curl exit 0, total 1588 ms
[2026-04-28T12:21:22] [INFO] Target disneyplus/homepage completed with HTTP 200, curl exit 0, total 10139,72 ms
[2026-04-28T12:21:23] [INFO] Target amazon/homepage completed with HTTP 200, curl exit 0, total 193,47 ms
[2026-04-28T12:21:23] [WARN] SkipInfluxWrite flag set. Metrics were not sent to InfluxDB.
[2026-04-28T12:21:23] [INFO] QoE probe finished. Success=5, Failure=0, Duration=31261,34 ms
[2026-04-28T12:22:42] [INFO] Starting QoE probe using config C:\Users\GOEDUARDO\Desktop\CX-Radar\config\probe-catalog.json
[2026-04-28T12:22:42] [INFO] Applying start jitter of 3 second(s) to reduce fixed-schedule burst patterns.
[2026-04-28T12:22:46] [INFO] Target control/microsoft completed with HTTP 200, curl exit 0, total 336,9 ms
[2026-04-28T12:22:47] [INFO] Target youtube/homepage completed with HTTP 200, curl exit 0, total 486,23 ms
[2026-04-28T12:22:50] [INFO] Target netflix/homepage completed with HTTP 200, curl exit 0, total 2294,46 ms
[2026-04-28T12:22:52] [INFO] Target disneyplus/homepage completed with HTTP 200, curl exit 0, total 529,97 ms
[2026-04-28T12:22:53] [INFO] Target amazon/homepage completed with HTTP 200, curl exit 0, total 185,25 ms
[2026-04-28T12:22:53] [WARN] SkipInfluxWrite flag set. Metrics were not sent to InfluxDB.
[2026-04-28T12:22:53] [INFO] QoE probe finished. Success=5, Failure=0, Duration=10648,84 ms
[2026-04-28T12:23:43] [INFO] Starting QoE probe using config C:\Users\GOEDUARDO\Desktop\CX-Radar\config\probe-catalog.json
[2026-04-28T12:23:43] [INFO] Applying start jitter of 11 second(s) to reduce fixed-schedule burst patterns.
[2026-04-28T12:23:55] [INFO] Target control/microsoft completed with HTTP 200, curl exit 0, total 367,15 ms
[2026-04-28T12:23:58] [INFO] Target youtube/homepage completed with HTTP 200, curl exit 0, total 535,83 ms
[2026-04-28T12:24:02] [INFO] Target netflix/homepage completed with HTTP 200, curl exit 0, total 2618,82 ms
[2026-04-28T12:24:04] [INFO] Target disneyplus/homepage completed with HTTP 200, curl exit 0, total 484,46 ms
[2026-04-28T12:24:06] [INFO] Target amazon/homepage completed with HTTP 200, curl exit 0, total 440,7 ms
[2026-04-28T12:24:06] [WARN] SkipInfluxWrite flag set. Metrics were not sent to InfluxDB.
[2026-04-28T12:24:07] [INFO] QoE probe finished. Success=5, Failure=0, Duration=24397,44 ms
[2026-04-28T12:24:46] [INFO] Starting QoE probe using config C:\Users\GOEDUARDO\Desktop\CX-Radar\config\probe-catalog.json
[2026-04-28T12:24:46] [INFO] Applying start jitter of 14 second(s) to reduce fixed-schedule burst patterns.
[2026-04-28T12:25:00] [INFO] Target control/microsoft completed with HTTP 200, curl exit 0, total 344,06 ms
[2026-04-28T12:25:02] [INFO] Target youtube/homepage completed with HTTP 200, curl exit 0, total 457,51 ms
[2026-04-28T12:25:05] [INFO] Target netflix/homepage completed with HTTP 200, curl exit 0, total 2506,38 ms
[2026-04-28T12:25:06] [INFO] Target disneyplus/homepage completed with HTTP 200, curl exit 0, total 698,55 ms
[2026-04-28T12:25:08] [INFO] Target amazon/homepage completed with HTTP 200, curl exit 0, total 252,16 ms
[2026-04-28T12:25:08] [WARN] SkipInfluxWrite flag set. Metrics were not sent to InfluxDB.
[2026-04-28T12:25:08] [INFO] QoE probe finished. Success=5, Failure=0, Duration=22109,51 ms
[2026-04-28T12:25:45] [INFO] Starting QoE probe using config C:\Users\GOEDUARDO\Desktop\CX-Radar\config\probe-catalog.json
[2026-04-28T12:25:45] [INFO] Applying start jitter of 5 second(s) to reduce fixed-schedule burst patterns.
[2026-04-28T12:25:51] [INFO] Target control/microsoft completed with HTTP 200, curl exit 0, total 346,22 ms
[2026-04-28T12:25:53] [INFO] Target youtube/homepage completed with HTTP 200, curl exit 0, total 727,96 ms
[2026-04-28T12:25:56] [INFO] Target netflix/homepage completed with HTTP 200, curl exit 0, total 2217,38 ms
[2026-04-28T12:25:58] [INFO] Target disneyplus/homepage completed with HTTP 200, curl exit 0, total 1169,06 ms
[2026-04-28T12:25:59] [INFO] Target amazon/homepage completed with HTTP 200, curl exit 0, total 207,94 ms
[2026-04-28T12:25:59] [WARN] SkipInfluxWrite flag set. Metrics were not sent to InfluxDB.
[2026-04-28T12:25:59] [INFO] QoE probe finished. Success=5, Failure=0, Duration=13512,66 ms
[2026-04-28T12:26:23] [INFO] Starting QoE probe using config C:\Users\GOEDUARDO\Desktop\CX-Radar\config\probe-catalog.json
[2026-04-28T12:26:23] [INFO] Applying start jitter of 9 second(s) to reduce fixed-schedule burst patterns.
[2026-04-28T12:26:33] [INFO] Target control/microsoft completed with HTTP 200, curl exit 0, total 347,19 ms
[2026-04-28T12:26:34] [INFO] Target youtube/homepage completed with HTTP 200, curl exit 0, total 476,38 ms
[2026-04-28T12:26:37] [INFO] Target netflix/homepage completed with HTTP 200, curl exit 0, total 2378,91 ms
[2026-04-28T12:26:39] [INFO] Target disneyplus/homepage completed with HTTP 200, curl exit 0, total 644,17 ms
[2026-04-28T12:26:40] [INFO] Target amazon/homepage completed with HTTP 200, curl exit 0, total 277,27 ms
[2026-04-28T12:26:40] [WARN] SkipInfluxWrite flag set. Metrics were not sent to InfluxDB.
[2026-04-28T12:26:40] [INFO] QoE probe finished. Success=5, Failure=0, Duration=16427,29 ms
[2026-04-28T14:16:44] [INFO] Starting QoE probe using config C:\Users\GOEDUARDO\Desktop\CX-Radar\config\probe-catalog.json
[2026-04-28T14:16:44] [INFO] Applying start jitter of 13 second(s) to reduce fixed-schedule burst patterns.
[2026-04-28T14:16:58] [INFO] Target control/microsoft completed with HTTP 200, curl exit 0, total 344,83 ms
[2026-04-28T14:16:59] [INFO] Target youtube/homepage completed with HTTP 200, curl exit 0, total 546,41 ms
[2026-04-28T14:17:02] [INFO] Target netflix/homepage completed with HTTP 200, curl exit 0, total 1825,38 ms
[2026-04-28T14:17:03] [INFO] Target disneyplus/homepage completed with HTTP 200, curl exit 0, total 702,17 ms
[2026-04-28T14:17:04] [INFO] Target amazon/homepage completed with HTTP 200, curl exit 0, total 189,06 ms
[2026-04-28T14:17:04] [WARN] SkipInfluxWrite flag set. Metrics were not sent to InfluxDB.
[2026-04-28T14:17:04] [INFO] QoE probe finished. Success=5, Failure=0, Duration=20190,34 ms
[2026-04-28T14:19:38] [INFO] Starting QoE probe using config C:\Users\GOEDUARDO\Desktop\CX-Radar\config\probe-catalog.json
[2026-04-28T14:19:38] [INFO] Applying start jitter of 5 second(s) to reduce fixed-schedule burst patterns.
[2026-04-28T14:19:43] [INFO] Using InfluxDB token from protected token file 'C:\Users\GOEDUARDO\AppData\Local\CX-Radar\secrets\influxdb-token.credential.xml'.
[2026-04-28T14:19:43] [INFO] Target control/microsoft completed with HTTP 200, curl exit 0, total 340,21 ms
[2026-04-28T14:19:44] [INFO] Target youtube/homepage completed with HTTP 200, curl exit 0, total 615,21 ms
[2026-04-28T14:19:47] [INFO] Target netflix/homepage completed with HTTP 200, curl exit 0, total 1658,22 ms
[2026-04-28T14:19:48] [INFO] Target disneyplus/homepage completed with HTTP 200, curl exit 0, total 609,91 ms
[2026-04-28T14:19:49] [INFO] Target amazon/homepage completed with HTTP 200, curl exit 0, total 215,94 ms
[2026-04-28T14:19:50] [INFO] Wrote 5 measurement lines to InfluxDB.
[2026-04-28T14:19:50] [INFO] QoE probe finished. Success=5, Failure=0, Duration=12608,07 ms
[2026-04-28T14:45:03] [INFO] Starting QoE probe using config C:\Users\GOEDUARDO\Desktop\CX-Radar\config\probe-catalog.json
[2026-04-28T14:45:03] [INFO] Applying start jitter of 4 second(s) to reduce fixed-schedule burst patterns.
[2026-04-28T14:45:07] [INFO] Using InfluxDB token from protected token file 'C:\Users\GOEDUARDO\AppData\Local\CX-Radar\secrets\influxdb-token.credential.xml'.
[2026-04-28T14:45:08] [INFO] Target control/microsoft completed with HTTP 200, curl exit 0, total 364,85 ms
[2026-04-28T14:45:09] [INFO] Target youtube/homepage completed with HTTP 200, curl exit 0, total 587,22 ms
[2026-04-28T14:45:12] [INFO] Target netflix/homepage completed with HTTP 200, curl exit 0, total 2120,36 ms
[2026-04-28T14:45:14] [INFO] Target disneyplus/homepage completed with HTTP 200, curl exit 0, total 737,51 ms
[2026-04-28T14:45:15] [INFO] Target amazon/homepage completed with HTTP 200, curl exit 0, total 214,87 ms
[2026-04-28T14:45:15] [INFO] Wrote 5 measurement lines to InfluxDB.
[2026-04-28T14:45:15] [INFO] QoE probe finished. Success=5, Failure=0, Duration=13207,92 ms
[2026-04-28T14:47:53] [INFO] Starting QoE probe using config C:\Users\GOEDUARDO\Desktop\CX-Radar\config\probe-catalog.json
[2026-04-28T14:47:53] [INFO] Applying start jitter of 8 second(s) to reduce fixed-schedule burst patterns.
[2026-04-28T14:48:01] [INFO] Using InfluxDB token from protected token file 'C:\Users\GOEDUARDO\AppData\Local\CX-Radar\secrets\influxdb-token.credential.xml'.
[2026-04-28T14:48:02] [INFO] Target control/microsoft completed with HTTP 200, curl exit 0, total 368,32 ms
[2026-04-28T14:48:04] [INFO] Target youtube/homepage completed with HTTP 200, curl exit 0, total 460,72 ms
[2026-04-28T14:48:06] [INFO] Target netflix/homepage completed with HTTP 200, curl exit 0, total 1879,42 ms
[2026-04-28T14:48:08] [INFO] Target disneyplus/homepage completed with HTTP 200, curl exit 0, total 686,61 ms
[2026-04-28T14:48:09] [INFO] Target amazon/homepage completed with HTTP 200, curl exit 0, total 200,27 ms
[2026-04-28T14:48:09] [INFO] Wrote 5 measurement lines to InfluxDB.
[2026-04-28T14:48:10] [INFO] QoE probe finished. Success=5, Failure=0, Duration=16721,78 ms
[2026-04-28T14:50:03] [INFO] Starting QoE probe using config C:\Users\GOEDUARDO\Desktop\CX-Radar\config\probe-catalog.json
[2026-04-28T14:50:03] [INFO] Applying start jitter of 7 second(s) to reduce fixed-schedule burst patterns.
[2026-04-28T14:50:10] [INFO] Using InfluxDB token from protected token file 'C:\Users\GOEDUARDO\AppData\Local\CX-Radar\secrets\influxdb-token.credential.xml'.
[2026-04-28T14:50:11] [INFO] Target control/microsoft completed with HTTP 200, curl exit 0, total 466,16 ms
[2026-04-28T14:50:12] [INFO] Target youtube/homepage completed with HTTP 200, curl exit 0, total 469,64 ms
[2026-04-28T14:50:15] [INFO] Target netflix/homepage completed with HTTP 200, curl exit 0, total 1808,29 ms
[2026-04-28T14:50:16] [INFO] Target disneyplus/homepage completed with HTTP 200, curl exit 0, total 573,57 ms
[2026-04-28T14:50:17] [INFO] Target amazon/homepage completed with HTTP 200, curl exit 0, total 207,79 ms
[2026-04-28T14:50:18] [INFO] Wrote 5 measurement lines to InfluxDB.
[2026-04-28T14:50:18] [INFO] QoE probe finished. Success=5, Failure=0, Duration=15698,94 ms
[2026-04-28T14:55:02] [INFO] Starting QoE probe using config C:\Users\GOEDUARDO\Desktop\CX-Radar\config\probe-catalog.json
[2026-04-28T14:55:02] [INFO] Applying start jitter of 9 second(s) to reduce fixed-schedule burst patterns.
[2026-04-28T14:55:11] [INFO] Using InfluxDB token from protected token file 'C:\Users\GOEDUARDO\AppData\Local\CX-Radar\secrets\influxdb-token.credential.xml'.
[2026-04-28T14:55:12] [INFO] Target control/microsoft completed with HTTP 200, curl exit 0, total 340,41 ms
[2026-04-28T14:55:13] [INFO] Target youtube/homepage completed with HTTP 200, curl exit 0, total 463,18 ms
[2026-04-28T14:55:17] [INFO] Target netflix/homepage completed with HTTP 200, curl exit 0, total 2647,49 ms
[2026-04-28T14:55:18] [INFO] Target disneyplus/homepage completed with HTTP 200, curl exit 0, total 542,7 ms
[2026-04-28T14:55:19] [INFO] Target amazon/homepage completed with HTTP 200, curl exit 0, total 196,88 ms
[2026-04-28T14:55:19] [INFO] Wrote 5 measurement lines to InfluxDB.
[2026-04-28T14:55:20] [INFO] QoE probe finished. Success=5, Failure=0, Duration=17698,71 ms
[2026-04-28T15:00:02] [INFO] Starting QoE probe using config C:\Users\GOEDUARDO\Desktop\CX-Radar\config\probe-catalog.json
[2026-04-28T15:00:02] [INFO] Applying start jitter of 12 second(s) to reduce fixed-schedule burst patterns.
[2026-04-28T15:00:14] [INFO] Using InfluxDB token from protected token file 'C:\Users\GOEDUARDO\AppData\Local\CX-Radar\secrets\influxdb-token.credential.xml'.
[2026-04-28T15:00:15] [INFO] Target control/microsoft completed with HTTP 200, curl exit 0, total 382,51 ms
[2026-04-28T15:00:16] [INFO] Target youtube/homepage completed with HTTP 200, curl exit 0, total 479,17 ms
[2026-04-28T15:00:19] [INFO] Target netflix/homepage completed with HTTP 200, curl exit 0, total 2275,25 ms
[2026-04-28T15:00:21] [INFO] Target disneyplus/homepage completed with HTTP 200, curl exit 0, total 852,07 ms
[2026-04-28T15:00:22] [INFO] Target amazon/homepage completed with HTTP 200, curl exit 0, total 190,27 ms
[2026-04-28T15:00:23] [INFO] Wrote 5 measurement lines to InfluxDB.
[2026-04-28T15:00:23] [INFO] QoE probe finished. Success=5, Failure=0, Duration=20669,98 ms
[2026-04-28T15:05:02] [INFO] Starting QoE probe using config C:\Users\GOEDUARDO\Desktop\CX-Radar\config\probe-catalog.json
[2026-04-28T15:05:02] [INFO] Applying start jitter of 8 second(s) to reduce fixed-schedule burst patterns.
[2026-04-28T15:05:10] [INFO] Using InfluxDB token from protected token file 'C:\Users\GOEDUARDO\AppData\Local\CX-Radar\secrets\influxdb-token.credential.xml'.
[2026-04-28T15:05:11] [INFO] Target control/microsoft completed with HTTP 200, curl exit 0, total 348,55 ms
[2026-04-28T15:05:12] [INFO] Target youtube/homepage completed with HTTP 200, curl exit 0, total 486,68 ms
[2026-04-28T15:05:15] [INFO] Target netflix/homepage completed with HTTP 200, curl exit 0, total 1685,32 ms
[2026-04-28T15:05:16] [INFO] Target disneyplus/homepage completed with HTTP 200, curl exit 0, total 530,14 ms
[2026-04-28T15:05:17] [INFO] Target amazon/homepage completed with HTTP 200, curl exit 0, total 196,3 ms
[2026-04-28T15:05:18] [INFO] Wrote 5 measurement lines to InfluxDB.
[2026-04-28T15:05:18] [INFO] QoE probe finished. Success=5, Failure=0, Duration=15807,66 ms
[2026-04-28T15:10:02] [INFO] Starting QoE probe using config C:\Users\GOEDUARDO\Desktop\CX-Radar\config\probe-catalog.json
[2026-04-28T15:10:02] [INFO] Applying start jitter of 5 second(s) to reduce fixed-schedule burst patterns.
[2026-04-28T15:10:07] [INFO] Using InfluxDB token from protected token file 'C:\Users\GOEDUARDO\AppData\Local\CX-Radar\secrets\influxdb-token.credential.xml'.
[2026-04-28T15:10:08] [INFO] Target control/microsoft completed with HTTP 200, curl exit 0, total 343,43 ms
[2026-04-28T15:10:09] [INFO] Target youtube/homepage completed with HTTP 200, curl exit 0, total 467,85 ms
[2026-04-28T15:10:12] [INFO] Target netflix/homepage completed with HTTP 200, curl exit 0, total 2254,94 ms
[2026-04-28T15:10:14] [INFO] Target disneyplus/homepage completed with HTTP 200, curl exit 0, total 574,86 ms
[2026-04-28T15:10:15] [INFO] Target amazon/homepage completed with HTTP 200, curl exit 0, total 206,9 ms
[2026-04-28T15:10:15] [INFO] Wrote 5 measurement lines to InfluxDB.
[2026-04-28T15:10:15] [INFO] QoE probe finished. Success=5, Failure=0, Duration=13301,81 ms
[2026-04-28T15:15:03] [INFO] Starting QoE probe using config C:\Users\GOEDUARDO\Desktop\CX-Radar\config\probe-catalog.json
[2026-04-28T15:15:03] [INFO] Applying start jitter of 14 second(s) to reduce fixed-schedule burst patterns.
[2026-04-28T15:15:17] [INFO] Using InfluxDB token from protected token file 'C:\Users\GOEDUARDO\AppData\Local\CX-Radar\secrets\influxdb-token.credential.xml'.
[2026-04-28T15:15:18] [INFO] Target control/microsoft completed with HTTP 200, curl exit 0, total 397,15 ms
[2026-04-28T15:15:19] [INFO] Target youtube/homepage completed with HTTP 200, curl exit 0, total 587,21 ms
[2026-04-28T15:15:22] [INFO] Target netflix/homepage completed with HTTP 200, curl exit 0, total 1911,07 ms
[2026-04-28T15:15:23] [INFO] Target disneyplus/homepage completed with HTTP 200, curl exit 0, total 573,92 ms
[2026-04-28T15:15:24] [INFO] Target amazon/homepage completed with HTTP 200, curl exit 0, total 219,03 ms
[2026-04-28T15:15:25] [INFO] Wrote 5 measurement lines to InfluxDB.
[2026-04-28T15:15:25] [INFO] QoE probe finished. Success=5, Failure=0, Duration=22993,64 ms
[2026-04-28T15:20:02] [INFO] Starting QoE probe using config C:\Users\GOEDUARDO\Desktop\CX-Radar\config\probe-catalog.json
[2026-04-28T15:20:02] [INFO] Applying start jitter of 7 second(s) to reduce fixed-schedule burst patterns.
[2026-04-28T15:20:10] [INFO] Using InfluxDB token from protected token file 'C:\Users\GOEDUARDO\AppData\Local\CX-Radar\secrets\influxdb-token.credential.xml'.
[2026-04-28T15:20:11] [INFO] Target control/microsoft completed with HTTP 200, curl exit 0, total 469,76 ms
[2026-04-28T15:20:12] [INFO] Target youtube/homepage completed with HTTP 200, curl exit 0, total 565,31 ms
[2026-04-28T15:20:15] [INFO] Target netflix/homepage completed with HTTP 200, curl exit 0, total 2030,78 ms
[2026-04-28T15:20:16] [INFO] Target disneyplus/homepage completed with HTTP 200, curl exit 0, total 574,44 ms
[2026-04-28T15:20:18] [INFO] Target amazon/homepage completed with HTTP 200, curl exit 0, total 218,44 ms
[2026-04-28T15:20:18] [INFO] Wrote 5 measurement lines to InfluxDB.
[2026-04-28T15:20:18] [INFO] QoE probe finished. Success=5, Failure=0, Duration=16135,23 ms
[2026-04-28T15:25:03] [INFO] Starting QoE probe using config C:\Users\GOEDUARDO\Desktop\CX-Radar\config\probe-catalog.json
[2026-04-28T15:25:03] [INFO] Applying start jitter of 7 second(s) to reduce fixed-schedule burst patterns.
[2026-04-28T15:25:10] [INFO] Using InfluxDB token from protected token file 'C:\Users\GOEDUARDO\AppData\Local\CX-Radar\secrets\influxdb-token.credential.xml'.
[2026-04-28T15:25:11] [INFO] Target control/microsoft completed with HTTP 200, curl exit 0, total 425,59 ms
[2026-04-28T15:25:12] [INFO] Target youtube/homepage completed with HTTP 200, curl exit 0, total 551,14 ms
[2026-04-28T15:25:15] [INFO] Target netflix/homepage completed with HTTP 200, curl exit 0, total 2285,58 ms
[2026-04-28T15:25:17] [INFO] Target disneyplus/homepage completed with HTTP 200, curl exit 0, total 577,42 ms
[2026-04-28T15:25:18] [INFO] Target amazon/homepage completed with HTTP 200, curl exit 0, total 216,39 ms
[2026-04-28T15:25:18] [INFO] Wrote 5 measurement lines to InfluxDB.
[2026-04-28T15:25:19] [INFO] QoE probe finished. Success=5, Failure=0, Duration=16347,87 ms
[2026-04-28T15:30:02] [INFO] Starting QoE probe using config C:\Users\GOEDUARDO\Desktop\CX-Radar\config\probe-catalog.json
[2026-04-28T15:30:02] [INFO] Applying start jitter of 2 second(s) to reduce fixed-schedule burst patterns.
[2026-04-28T15:30:04] [INFO] Using InfluxDB token from protected token file 'C:\Users\GOEDUARDO\AppData\Local\CX-Radar\secrets\influxdb-token.credential.xml'.
[2026-04-28T15:30:05] [INFO] Target control/microsoft completed with HTTP 200, curl exit 0, total 333,76 ms
[2026-04-28T15:30:06] [INFO] Target youtube/homepage completed with HTTP 200, curl exit 0, total 574,05 ms
[2026-04-28T15:30:09] [INFO] Target netflix/homepage completed with HTTP 200, curl exit 0, total 2342,11 ms
[2026-04-28T15:30:11] [INFO] Target disneyplus/homepage completed with HTTP 200, curl exit 0, total 807,83 ms
[2026-04-28T15:30:12] [INFO] Target amazon/homepage completed with HTTP 200, curl exit 0, total 370,8 ms
[2026-04-28T15:30:13] [INFO] Wrote 5 measurement lines to InfluxDB.
[2026-04-28T15:30:13] [INFO] QoE probe finished. Success=5, Failure=0, Duration=10849,92 ms
[2026-04-28T15:35:03] [INFO] Starting QoE probe using config C:\Users\GOEDUARDO\Desktop\CX-Radar\config\probe-catalog.json
[2026-04-28T15:35:03] [INFO] Applying start jitter of 1 second(s) to reduce fixed-schedule burst patterns.
[2026-04-28T15:35:04] [INFO] Using InfluxDB token from protected token file 'C:\Users\GOEDUARDO\AppData\Local\CX-Radar\secrets\influxdb-token.credential.xml'.
[2026-04-28T15:35:05] [INFO] Target Microsoft/microsoft completed with HTTP 200, curl exit 0, total 440,99 ms
[2026-04-28T15:35:06] [INFO] Target Youtube/homepage completed with HTTP 200, curl exit 0, total 498,06 ms
[2026-04-28T15:35:09] [INFO] Target Netflix/homepage completed with HTTP 200, curl exit 0, total 2114,65 ms
[2026-04-28T15:35:11] [INFO] Target Disney+/homepage completed with HTTP 200, curl exit 0, total 675,18 ms
[2026-04-28T15:35:12] [INFO] Target Amazon/homepage completed with HTTP 200, curl exit 0, total 200,61 ms
[2026-04-28T15:35:12] [INFO] Wrote 5 measurement lines to InfluxDB.
[2026-04-28T15:35:12] [INFO] QoE probe finished. Success=5, Failure=0, Duration=10208,66 ms
[2026-04-28T15:40:03] [INFO] Starting QoE probe using config C:\Users\GOEDUARDO\Desktop\CX-Radar\config\probe-catalog.json
[2026-04-28T15:40:03] [INFO] Applying start jitter of 5 second(s) to reduce fixed-schedule burst patterns.
[2026-04-28T15:40:08] [INFO] Using InfluxDB token from protected token file 'C:\Users\GOEDUARDO\AppData\Local\CX-Radar\secrets\influxdb-token.credential.xml'.
[2026-04-28T15:40:08] [INFO] Target Microsoft/microsoft completed with HTTP 200, curl exit 0, total 370,15 ms
[2026-04-28T15:40:10] [INFO] Target Youtube/homepage completed with HTTP 200, curl exit 0, total 622,38 ms
[2026-04-28T15:40:13] [INFO] Target Netflix/homepage completed with HTTP 200, curl exit 0, total 1804,94 ms
[2026-04-28T15:40:14] [INFO] Target Disney+/homepage completed with HTTP 200, curl exit 0, total 548,91 ms
[2026-04-28T15:40:15] [INFO] Target Amazon/homepage completed with HTTP 200, curl exit 0, total 211,44 ms
[2026-04-28T15:40:16] [INFO] Wrote 5 measurement lines to InfluxDB.
[2026-04-28T15:40:16] [INFO] QoE probe finished. Success=5, Failure=0, Duration=13675,83 ms
[2026-04-28T15:45:02] [INFO] Starting QoE probe using config C:\Users\GOEDUARDO\Desktop\CX-Radar\config\probe-catalog.json
[2026-04-28T15:45:03] [INFO] Applying start jitter of 13 second(s) to reduce fixed-schedule burst patterns.
[2026-04-28T15:45:16] [INFO] Using InfluxDB token from protected token file 'C:\Users\GOEDUARDO\AppData\Local\CX-Radar\secrets\influxdb-token.credential.xml'.
[2026-04-28T15:45:16] [INFO] Target Microsoft/microsoft completed with HTTP 200, curl exit 0, total 380,98 ms
[2026-04-28T15:45:18] [INFO] Target Youtube/homepage completed with HTTP 200, curl exit 0, total 606,58 ms
[2026-04-28T15:45:21] [INFO] Target Netflix/homepage completed with HTTP 200, curl exit 0, total 1776,54 ms
[2026-04-28T15:45:22] [INFO] Target Disney+/homepage completed with HTTP 200, curl exit 0, total 691,16 ms
[2026-04-28T15:45:23] [INFO] Target Amazon/homepage completed with HTTP 200, curl exit 0, total 221 ms
[2026-04-28T15:45:24] [INFO] Wrote 5 measurement lines to InfluxDB.
[2026-04-28T15:45:24] [INFO] QoE probe finished. Success=5, Failure=0, Duration=22040,98 ms
[2026-04-28T15:50:02] [INFO] Starting QoE probe using config C:\Users\GOEDUARDO\Desktop\CX-Radar\config\probe-catalog.json
[2026-04-28T15:50:02] [INFO] Applying start jitter of 15 second(s) to reduce fixed-schedule burst patterns.
[2026-04-28T15:50:17] [INFO] Using InfluxDB token from protected token file 'C:\Users\GOEDUARDO\AppData\Local\CX-Radar\secrets\influxdb-token.credential.xml'.
[2026-04-28T15:50:18] [INFO] Target Microsoft/microsoft completed with HTTP 200, curl exit 0, total 342,93 ms
[2026-04-28T15:50:19] [INFO] Target Youtube/homepage completed with HTTP 200, curl exit 0, total 535,93 ms
[2026-04-28T15:50:22] [INFO] Target Netflix/homepage completed with HTTP 200, curl exit 0, total 1602,33 ms
[2026-04-28T15:50:23] [INFO] Target Disney+/homepage completed with HTTP 200, curl exit 0, total 588,83 ms
[2026-04-28T15:50:24] [INFO] Target Amazon/homepage completed with HTTP 200, curl exit 0, total 188,01 ms
[2026-04-28T15:50:25] [INFO] Wrote 5 measurement lines to InfluxDB.
[2026-04-28T15:50:25] [INFO] QoE probe finished. Success=5, Failure=0, Duration=22888,53 ms
[2026-04-28T15:55:02] [INFO] Starting QoE probe using config C:\Users\GOEDUARDO\Desktop\CX-Radar\config\probe-catalog.json
[2026-04-28T15:55:02] [INFO] Applying start jitter of 4 second(s) to reduce fixed-schedule burst patterns.
[2026-04-28T15:55:06] [INFO] Using InfluxDB token from protected token file 'C:\Users\GOEDUARDO\AppData\Local\CX-Radar\secrets\influxdb-token.credential.xml'.
[2026-04-28T15:55:07] [INFO] Target Microsoft/microsoft completed with HTTP 200, curl exit 0, total 355,01 ms
[2026-04-28T15:55:08] [INFO] Target Youtube/homepage completed with HTTP 200, curl exit 0, total 472,25 ms
[2026-04-28T15:55:12] [INFO] Target Netflix/homepage completed with HTTP 200, curl exit 0, total 2281,14 ms
[2026-04-28T15:55:13] [INFO] Target Disney+/homepage completed with HTTP 200, curl exit 0, total 663,31 ms
[2026-04-28T15:55:14] [INFO] Target Amazon/homepage completed with HTTP 200, curl exit 0, total 329,87 ms
[2026-04-28T15:55:15] [INFO] Wrote 5 measurement lines to InfluxDB.
[2026-04-28T16:00:02] [INFO] Starting QoE probe using config C:\Users\GOEDUARDO\Desktop\CX-Radar\config\probe-catalog.json
[2026-04-28T16:00:02] [INFO] Applying start jitter of 9 second(s) to reduce fixed-schedule burst patterns.
[2026-04-28T16:00:11] [INFO] Using InfluxDB token from protected token file 'C:\Users\GOEDUARDO\AppData\Local\CX-Radar\secrets\influxdb-token.credential.xml'.
[2026-04-28T16:00:12] [INFO] Target Microsoft/microsoft completed with HTTP 200, curl exit 0, total 359,53 ms
[2026-04-28T16:00:13] [INFO] Target Youtube/homepage completed with HTTP 200, curl exit 0, total 574,26 ms
[2026-04-28T16:00:17] [INFO] Target Netflix/homepage completed with HTTP 200, curl exit 0, total 2240,34 ms
[2026-04-28T16:00:18] [INFO] Target Disney+/homepage completed with HTTP 200, curl exit 0, total 722,65 ms
[2026-04-28T16:00:19] [INFO] Target Amazon/homepage completed with HTTP 200, curl exit 0, total 190,99 ms
[2026-04-28T16:00:20] [INFO] Wrote 5 measurement lines to InfluxDB.
[2026-04-28T16:00:20] [INFO] QoE probe finished. Success=5, Failure=0, Duration=17673,61 ms
[2026-04-28T16:05:02] [INFO] Starting QoE probe using config C:\Users\GOEDUARDO\Desktop\CX-Radar\config\probe-catalog.json
[2026-04-28T16:05:02] [INFO] Applying start jitter of 3 second(s) to reduce fixed-schedule burst patterns.
[2026-04-28T16:05:05] [INFO] Using InfluxDB token from protected token file 'C:\Users\GOEDUARDO\AppData\Local\CX-Radar\secrets\influxdb-token.credential.xml'.
[2026-04-28T16:05:06] [INFO] Target Microsoft/microsoft completed with HTTP 200, curl exit 0, total 335,69 ms
[2026-04-28T16:05:07] [INFO] Target Youtube/homepage completed with HTTP 200, curl exit 0, total 551,56 ms
[2026-04-28T16:05:10] [INFO] Target Netflix/homepage completed with HTTP 200, curl exit 0, total 1615,39 ms
[2026-04-28T16:05:11] [INFO] Target Disney+/homepage completed with HTTP 200, curl exit 0, total 659,18 ms
[2026-04-28T16:05:12] [INFO] Target Amazon/homepage completed with HTTP 200, curl exit 0, total 245,38 ms
[2026-04-28T16:05:13] [INFO] Wrote 5 measurement lines to InfluxDB.
[2026-04-28T16:05:13] [INFO] QoE probe finished. Success=5, Failure=0, Duration=10763,2 ms
[2026-04-28T16:10:02] [INFO] Starting QoE probe using config C:\Users\GOEDUARDO\Desktop\CX-Radar\config\probe-catalog.json
[2026-04-28T16:10:02] [INFO] Applying start jitter of 8 second(s) to reduce fixed-schedule burst patterns.
[2026-04-28T16:10:10] [INFO] Using InfluxDB token from protected token file 'C:\Users\GOEDUARDO\AppData\Local\CX-Radar\secrets\influxdb-token.credential.xml'.
[2026-04-28T16:10:11] [INFO] Target Microsoft/microsoft completed with HTTP 200, curl exit 0, total 358,63 ms
[2026-04-28T16:10:12] [INFO] Target Youtube/homepage completed with HTTP 200, curl exit 0, total 485,75 ms
[2026-04-28T16:10:15] [INFO] Target Netflix/homepage completed with HTTP 200, curl exit 0, total 2150,6 ms
[2026-04-28T16:10:17] [INFO] Target Disney+/homepage completed with HTTP 200, curl exit 0, total 657,85 ms
[2026-04-28T16:10:18] [INFO] Target Amazon/homepage completed with HTTP 200, curl exit 0, total 184,1 ms
[2026-04-28T16:10:18] [INFO] Wrote 5 measurement lines to InfluxDB.
[2026-04-28T16:10:18] [INFO] QoE probe finished. Success=5, Failure=0, Duration=16358,34 ms
[2026-04-28T16:15:02] [INFO] Starting QoE probe using config C:\Users\GOEDUARDO\Desktop\CX-Radar\config\probe-catalog.json
[2026-04-28T16:15:02] [INFO] Applying start jitter of 12 second(s) to reduce fixed-schedule burst patterns.
[2026-04-28T16:15:14] [INFO] Using InfluxDB token from protected token file 'C:\Users\GOEDUARDO\AppData\Local\CX-Radar\secrets\influxdb-token.credential.xml'.
[2026-04-28T16:15:15] [INFO] Target Microsoft/microsoft completed with HTTP 200, curl exit 0, total 356,49 ms
[2026-04-28T16:15:16] [INFO] Target Youtube/homepage completed with HTTP 200, curl exit 0, total 454,82 ms
[2026-04-28T16:15:20] [INFO] Target Netflix/homepage completed with HTTP 200, curl exit 0, total 2649,93 ms
[2026-04-28T16:15:21] [INFO] Target Disney+/homepage completed with HTTP 200, curl exit 0, total 551,24 ms
[2026-04-28T16:15:22] [INFO] Target Amazon/homepage completed with HTTP 200, curl exit 0, total 189,71 ms
[2026-04-28T16:15:22] [INFO] Wrote 5 measurement lines to InfluxDB.
[2026-04-28T16:15:23] [INFO] QoE probe finished. Success=5, Failure=0, Duration=20619,13 ms
[2026-04-28T16:20:02] [INFO] Starting QoE probe using config C:\Users\GOEDUARDO\Desktop\CX-Radar\config\probe-catalog.json
[2026-04-28T16:20:02] [INFO] Applying start jitter of 2 second(s) to reduce fixed-schedule burst patterns.
[2026-04-28T16:20:04] [INFO] Using InfluxDB token from protected token file 'C:\Users\GOEDUARDO\AppData\Local\CX-Radar\secrets\influxdb-token.credential.xml'.
[2026-04-28T16:20:05] [INFO] Target Microsoft/microsoft completed with HTTP 200, curl exit 0, total 564,52 ms
[2026-04-28T16:20:07] [INFO] Target Youtube/homepage completed with HTTP 200, curl exit 0, total 530,35 ms
[2026-04-28T16:20:10] [INFO] Target Netflix/homepage completed with HTTP 200, curl exit 0, total 2360,1 ms
[2026-04-28T16:20:11] [INFO] Target Disney+/homepage completed with HTTP 200, curl exit 0, total 716,18 ms
[2026-04-28T16:20:12] [INFO] Target Amazon/homepage completed with HTTP 200, curl exit 0, total 186,35 ms
[2026-04-28T16:20:13] [INFO] Wrote 5 measurement lines to InfluxDB.
[2026-04-28T16:20:13] [INFO] QoE probe finished. Success=5, Failure=0, Duration=10839,02 ms
[2026-04-28T16:25:02] [INFO] Starting QoE probe using config C:\Users\GOEDUARDO\Desktop\CX-Radar\config\probe-catalog.json
[2026-04-28T16:25:02] [INFO] Applying start jitter of 14 second(s) to reduce fixed-schedule burst patterns.
[2026-04-28T16:25:16] [INFO] Using InfluxDB token from protected token file 'C:\Users\GOEDUARDO\AppData\Local\CX-Radar\secrets\influxdb-token.credential.xml'.
[2026-04-28T16:25:17] [INFO] Target Microsoft/microsoft completed with HTTP 200, curl exit 0, total 454,24 ms
[2026-04-28T16:25:18] [INFO] Target Youtube/homepage completed with HTTP 200, curl exit 0, total 472,17 ms
[2026-04-28T16:25:21] [INFO] Target Netflix/homepage completed with HTTP 200, curl exit 0, total 1652,75 ms
[2026-04-28T16:25:22] [INFO] Target Disney+/homepage completed with HTTP 200, curl exit 0, total 732,08 ms
[2026-04-28T16:25:23] [INFO] Target Amazon/homepage completed with HTTP 200, curl exit 0, total 188,69 ms
[2026-04-28T16:25:24] [INFO] Wrote 5 measurement lines to InfluxDB.
[2026-04-28T16:25:24] [INFO] QoE probe finished. Success=5, Failure=0, Duration=21899,84 ms
[2026-04-28T16:30:02] [INFO] Starting QoE probe using config C:\Users\GOEDUARDO\Desktop\CX-Radar\config\probe-catalog.json
[2026-04-28T16:30:02] [INFO] Applying start jitter of 15 second(s) to reduce fixed-schedule burst patterns.
[2026-04-28T16:30:17] [INFO] Using InfluxDB token from protected token file 'C:\Users\GOEDUARDO\AppData\Local\CX-Radar\secrets\influxdb-token.credential.xml'.
[2026-04-28T16:30:18] [INFO] Target Microsoft/microsoft completed with HTTP 200, curl exit 0, total 343,47 ms
[2026-04-28T16:30:19] [INFO] Target Youtube/homepage completed with HTTP 200, curl exit 0, total 539,19 ms
[2026-04-28T16:30:22] [INFO] Target Netflix/homepage completed with HTTP 200, curl exit 0, total 2263,06 ms
[2026-04-28T16:30:24] [INFO] Target Disney+/homepage completed with HTTP 200, curl exit 0, total 626,14 ms
[2026-04-28T16:30:25] [INFO] Target Amazon/homepage completed with HTTP 200, curl exit 0, total 187,78 ms
[2026-04-28T16:30:25] [INFO] Wrote 5 measurement lines to InfluxDB.
[2026-04-28T16:30:25] [INFO] QoE probe finished. Success=5, Failure=0, Duration=23393,57 ms
[2026-04-28T16:35:02] [INFO] Starting QoE probe using config C:\Users\GOEDUARDO\Desktop\CX-Radar\config\probe-catalog.json
[2026-04-28T16:35:02] [INFO] Applying start jitter of 14 second(s) to reduce fixed-schedule burst patterns.
[2026-04-28T16:35:16] [INFO] Using InfluxDB token from protected token file 'C:\Users\GOEDUARDO\AppData\Local\CX-Radar\secrets\influxdb-token.credential.xml'.
[2026-04-28T16:35:17] [INFO] Target Microsoft/microsoft completed with HTTP 200, curl exit 0, total 354,37 ms
[2026-04-28T16:35:18] [INFO] Target Youtube/homepage completed with HTTP 200, curl exit 0, total 539,55 ms
[2026-04-28T16:35:21] [INFO] Target Netflix/homepage completed with HTTP 200, curl exit 0, total 2391,78 ms
[2026-04-28T16:35:23] [INFO] Target Disney+/homepage completed with HTTP 200, curl exit 0, total 540,98 ms
[2026-04-28T16:35:24] [INFO] Target Amazon/homepage completed with HTTP 200, curl exit 0, total 187,3 ms
[2026-04-28T16:35:24] [INFO] Wrote 5 measurement lines to InfluxDB.
[2026-04-28T16:35:24] [INFO] QoE probe finished. Success=5, Failure=0, Duration=22457,38 ms
